  ConvolutionUnfold.cpp
d:\seq2seqsharp_master\cpuops\ConvolutionUnfold.h(71): warning C4244: 'argument': conversion from 'double' to 'float', possible loss of data
  ConvolutionUnfold.cpp(50): note: see reference to function template instantiation 'void Softmax<double>(TensorRef *,TensorRef *,int,int)' being compiled
d:\seq2seqsharp_master\cpuops\ConvolutionUnfold.h(69): warning C4244: 'initializing': conversion from 'float' to 'int', possible loss of data
  ConvolutionUnfold.cpp(50): note: see reference to function template instantiation 'void Softmax<int>(TensorRef *,TensorRef *,int,int)' being compiled
d:\seq2seqsharp_master\cpuops\ConvolutionUnfold.h(71): warning C4244: 'argument': conversion from 'int' to 'float', possible loss of data
d:\seq2seqsharp_master\cpuops\ConvolutionUnfold.h(71): warning C4244: 'initializing': conversion from 'float' to 'int', possible loss of data
d:\seq2seqsharp_master\cpuops\ConvolutionUnfold.h(69): warning C4244: 'initializing': conversion from 'float' to 'unsigned char', possible loss of data
  ConvolutionUnfold.cpp(50): note: see reference to function template instantiation 'void Softmax<unsigned char>(TensorRef *,TensorRef *,int,int)' being compiled
d:\seq2seqsharp_master\cpuops\ConvolutionUnfold.h(71): warning C4244: 'initializing': conversion from 'float' to 'unsigned char', possible loss of data
d:\seq2seqsharp_master\cpuops\ConvolutionUnfold.h(94): warning C4244: 'initializing': conversion from 'float' to 'int', possible loss of data
  ConvolutionUnfold.cpp(63): note: see reference to function template instantiation 'void SoftmaxGrad<int>(TensorRef *,TensorRef *,TensorRef *,int,int,bool)' being compiled
d:\seq2seqsharp_master\cpuops\ConvolutionUnfold.h(94): warning C4244: 'initializing': conversion from 'float' to 'unsigned char', possible loss of data
  ConvolutionUnfold.cpp(63): note: see reference to function template instantiation 'void SoftmaxGrad<unsigned char>(TensorRef *,TensorRef *,TensorRef *,int,int,bool)' being compiled
  FillCopyOps.cpp
  DimensionwiseOps.cpp
  ElementwiseOps.cpp
  GatherScatterOps.cpp
  General.cpp
  MaxPoolingFrame.cpp
  OptimizerOps.cpp
d:\seq2seqsharp_master\cpuops\OptimizerOps.h(113): warning C4244: '=': conversion from 'double' to 'float', possible loss of data
  OptimizerOps.cpp(17): note: see reference to function template instantiation 'void RMSProp<float>(TensorRef *,TensorRef *,TensorRef *,int,int,int,float,float,float,float,float)' being compiled
d:\seq2seqsharp_master\cpuops\OptimizerOps.h(106): warning C4244: '=': conversion from 'float' to 'int', possible loss of data
  OptimizerOps.cpp(17): note: see reference to function template instantiation 'void RMSProp<int>(TensorRef *,TensorRef *,TensorRef *,int,int,int,float,float,float,float,float)' being compiled
d:\seq2seqsharp_master\cpuops\OptimizerOps.h(110): warning C4244: '=': conversion from 'float' to 'int', possible loss of data
d:\seq2seqsharp_master\cpuops\OptimizerOps.h(113): warning C4244: '=': conversion from 'double' to 'int', possible loss of data
d:\seq2seqsharp_master\cpuops\OptimizerOps.h(115): warning C4244: '=': conversion from 'float' to 'int', possible loss of data
d:\seq2seqsharp_master\cpuops\OptimizerOps.h(117): warning C4244: '-=': conversion from 'float' to 'int', possible loss of data
d:\seq2seqsharp_master\cpuops\OptimizerOps.h(106): warning C4244: '=': conversion from 'float' to 'unsigned char', possible loss of data
  OptimizerOps.cpp(17): note: see reference to function template instantiation 'void RMSProp<unsigned char>(TensorRef *,TensorRef *,TensorRef *,int,int,int,float,float,float,float,float)' being compiled
d:\seq2seqsharp_master\cpuops\OptimizerOps.h(110): warning C4244: '=': conversion from 'float' to 'unsigned char', possible loss of data
d:\seq2seqsharp_master\cpuops\OptimizerOps.h(113): warning C4244: '=': conversion from 'double' to 'unsigned char', possible loss of data
d:\seq2seqsharp_master\cpuops\OptimizerOps.h(115): warning C4244: '=': conversion from 'float' to 'unsigned char', possible loss of data
d:\seq2seqsharp_master\cpuops\OptimizerOps.h(117): warning C4244: '-=': conversion from 'float' to 'unsigned char', possible loss of data
d:\seq2seqsharp_master\cpuops\OptimizerOps.h(70): warning C4244: '=': conversion from 'double' to 'float', possible loss of data
  OptimizerOps.cpp(38): note: see reference to function template instantiation 'void Adam<float>(TensorRef *,TensorRef *,TensorRef *,TensorRef *,int,int,int,float,float,float,float,float,int,float)' being compiled
d:\seq2seqsharp_master\cpuops\OptimizerOps.h(71): warning C4244: '=': conversion from 'double' to 'float', possible loss of data
d:\seq2seqsharp_master\cpuops\OptimizerOps.h(73): warning C4244: 'initializing': conversion from 'double' to 'float', possible loss of data
d:\seq2seqsharp_master\cpuops\OptimizerOps.h(74): warning C4244: 'initializing': conversion from 'double' to 'float', possible loss of data
d:\seq2seqsharp_master\cpuops\OptimizerOps.h(63): warning C4244: '=': conversion from 'float' to 'int', possible loss of data
  OptimizerOps.cpp(38): note: see reference to function template instantiation 'void Adam<int>(TensorRef *,TensorRef *,TensorRef *,TensorRef *,int,int,int,float,float,float,float,float,int,float)' being compiled
d:\seq2seqsharp_master\cpuops\OptimizerOps.h(67): warning C4244: '=': conversion from 'float' to 'int', possible loss of data
d:\seq2seqsharp_master\cpuops\OptimizerOps.h(70): warning C4244: '=': conversion from 'double' to 'int', possible loss of data
d:\seq2seqsharp_master\cpuops\OptimizerOps.h(71): warning C4244: '=': conversion from 'double' to 'int', possible loss of data
d:\seq2seqsharp_master\cpuops\OptimizerOps.h(73): warning C4244: 'initializing': conversion from 'double' to 'int', possible loss of data
d:\seq2seqsharp_master\cpuops\OptimizerOps.h(74): warning C4244: 'initializing': conversion from 'double' to 'int', possible loss of data
d:\seq2seqsharp_master\cpuops\OptimizerOps.h(76): warning C4244: '-=': conversion from 'double' to 'int', possible loss of data
d:\seq2seqsharp_master\cpuops\OptimizerOps.h(63): warning C4244: '=': conversion from 'float' to 'unsigned char', possible loss of data
  OptimizerOps.cpp(38): note: see reference to function template instantiation 'void Adam<unsigned char>(TensorRef *,TensorRef *,TensorRef *,TensorRef *,int,int,int,float,float,float,float,float,int,float)' being compiled
d:\seq2seqsharp_master\cpuops\OptimizerOps.h(67): warning C4244: '=': conversion from 'float' to 'unsigned char', possible loss of data
d:\seq2seqsharp_master\cpuops\OptimizerOps.h(70): warning C4244: '=': conversion from 'double' to 'unsigned char', possible loss of data
d:\seq2seqsharp_master\cpuops\OptimizerOps.h(71): warning C4244: '=': conversion from 'double' to 'unsigned char', possible loss of data
d:\seq2seqsharp_master\cpuops\OptimizerOps.h(73): warning C4244: 'initializing': conversion from 'double' to 'unsigned char', possible loss of data
d:\seq2seqsharp_master\cpuops\OptimizerOps.h(74): warning C4244: 'initializing': conversion from 'double' to 'unsigned char', possible loss of data
d:\seq2seqsharp_master\cpuops\OptimizerOps.h(76): warning C4244: '-=': conversion from 'double' to 'unsigned char', possible loss of data
  RandomGenerator.cpp
  LayerNormOps.cpp
d:\seq2seqsharp_master\cpuops\LayerNormOps.h(76): warning C4244: 'initializing': conversion from 'float' to 'int', possible loss of data
  LayerNormOps.cpp(13): note: see reference to function template instantiation 'void LayerNorm<int>(TensorRef *,TensorRef *,TensorRef *,TensorRef *,float,int,int)' being compiled
d:\seq2seqsharp_master\cpuops\LayerNormOps.h(83): warning C4244: 'initializing': conversion from 'float' to 'int', possible loss of data
d:\seq2seqsharp_master\cpuops\LayerNormOps.h(90): warning C4244: 'initializing': conversion from 'float' to 'int', possible loss of data
d:\seq2seqsharp_master\cpuops\LayerNormOps.h(76): warning C4244: 'initializing': conversion from 'float' to 'unsigned char', possible loss of data
  LayerNormOps.cpp(13): note: see reference to function template instantiation 'void LayerNorm<unsigned char>(TensorRef *,TensorRef *,TensorRef *,TensorRef *,float,int,int)' being compiled
d:\seq2seqsharp_master\cpuops\LayerNormOps.h(83): warning C4244: 'initializing': conversion from 'float' to 'unsigned char', possible loss of data
d:\seq2seqsharp_master\cpuops\LayerNormOps.h(90): warning C4244: 'initializing': conversion from 'float' to 'unsigned char', possible loss of data
d:\seq2seqsharp_master\cpuops\LayerNormOps.h(133): warning C4244: 'initializing': conversion from 'float' to 'int', possible loss of data
  LayerNormOps.cpp(32): note: see reference to function template instantiation 'void LayerNormGrad<int>(TensorRef *,TensorRef *,TensorRef *,TensorRef *,TensorRef *,TensorRef *,TensorRef *,TensorRef *,int,int,float)' being compiled
d:\seq2seqsharp_master\cpuops\LayerNormOps.h(134): warning C4244: 'initializing': conversion from 'float' to 'int', possible loss of data
d:\seq2seqsharp_master\cpuops\LayerNormOps.h(135): warning C4244: 'initializing': conversion from 'float' to 'int', possible loss of data
d:\seq2seqsharp_master\cpuops\LayerNormOps.h(136): warning C4244: 'initializing': conversion from 'float' to 'int', possible loss of data
d:\seq2seqsharp_master\cpuops\LayerNormOps.h(141): warning C4244: '+=': conversion from 'float' to 'int', possible loss of data
d:\seq2seqsharp_master\cpuops\LayerNormOps.h(152): warning C4244: 'initializing': conversion from 'float' to 'int', possible loss of data
d:\seq2seqsharp_master\cpuops\LayerNormOps.h(155): warning C4244: 'initializing': conversion from 'float' to 'int', possible loss of data
d:\seq2seqsharp_master\cpuops\LayerNormOps.h(176): warning C4244: 'initializing': conversion from 'float' to 'int', possible loss of data
d:\seq2seqsharp_master\cpuops\LayerNormOps.h(177): warning C4244: 'initializing': conversion from 'float' to 'int', possible loss of data
d:\seq2seqsharp_master\cpuops\LayerNormOps.h(178): warning C4244: 'initializing': conversion from 'float' to 'int', possible loss of data
d:\seq2seqsharp_master\cpuops\LayerNormOps.h(179): warning C4244: 'initializing': conversion from 'float' to 'int', possible loss of data
d:\seq2seqsharp_master\cpuops\LayerNormOps.h(184): warning C4244: '+=': conversion from 'float' to 'int', possible loss of data
d:\seq2seqsharp_master\cpuops\LayerNormOps.h(195): warning C4244: 'initializing': conversion from 'float' to 'int', possible loss of data
d:\seq2seqsharp_master\cpuops\LayerNormOps.h(198): warning C4244: 'initializing': conversion from 'float' to 'int', possible loss of data
d:\seq2seqsharp_master\cpuops\LayerNormOps.h(133): warning C4244: 'initializing': conversion from 'float' to 'unsigned char', possible loss of data
  LayerNormOps.cpp(32): note: see reference to function template instantiation 'void LayerNormGrad<unsigned char>(TensorRef *,TensorRef *,TensorRef *,TensorRef *,TensorRef *,TensorRef *,TensorRef *,TensorRef *,int,int,float)' being compiled
d:\seq2seqsharp_master\cpuops\LayerNormOps.h(134): warning C4244: 'initializing': conversion from 'float' to 'unsigned char', possible loss of data
d:\seq2seqsharp_master\cpuops\LayerNormOps.h(135): warning C4244: 'initializing': conversion from 'float' to 'unsigned char', possible loss of data
d:\seq2seqsharp_master\cpuops\LayerNormOps.h(136): warning C4244: 'initializing': conversion from 'float' to 'unsigned char', possible loss of data
d:\seq2seqsharp_master\cpuops\LayerNormOps.h(141): warning C4244: '+=': conversion from 'float' to 'unsigned char', possible loss of data
d:\seq2seqsharp_master\cpuops\LayerNormOps.h(152): warning C4244: 'initializing': conversion from 'float' to 'unsigned char', possible loss of data
d:\seq2seqsharp_master\cpuops\LayerNormOps.h(155): warning C4244: 'initializing': conversion from 'float' to 'unsigned char', possible loss of data
d:\seq2seqsharp_master\cpuops\LayerNormOps.h(176): warning C4244: 'initializing': conversion from 'float' to 'unsigned char', possible loss of data
d:\seq2seqsharp_master\cpuops\LayerNormOps.h(177): warning C4244: 'initializing': conversion from 'float' to 'unsigned char', possible loss of data
d:\seq2seqsharp_master\cpuops\LayerNormOps.h(178): warning C4244: 'initializing': conversion from 'float' to 'unsigned char', possible loss of data
d:\seq2seqsharp_master\cpuops\LayerNormOps.h(179): warning C4244: 'initializing': conversion from 'float' to 'unsigned char', possible loss of data
d:\seq2seqsharp_master\cpuops\LayerNormOps.h(184): warning C4244: '+=': conversion from 'float' to 'unsigned char', possible loss of data
d:\seq2seqsharp_master\cpuops\LayerNormOps.h(195): warning C4244: 'initializing': conversion from 'float' to 'unsigned char', possible loss of data
d:\seq2seqsharp_master\cpuops\LayerNormOps.h(198): warning C4244: 'initializing': conversion from 'float' to 'unsigned char', possible loss of data
d:\seq2seqsharp_master\cpuops\LayerNormOps.h(234): warning C4244: 'initializing': conversion from 'float' to 'int', possible loss of data
  LayerNormOps.cpp(48): note: see reference to function template instantiation 'void AddLayerNorm<int>(TensorRef *,TensorRef *,TensorRef *,TensorRef *,TensorRef *,float,int,int)' being compiled
d:\seq2seqsharp_master\cpuops\LayerNormOps.h(241): warning C4244: 'initializing': conversion from 'float' to 'int', possible loss of data
d:\seq2seqsharp_master\cpuops\LayerNormOps.h(248): warning C4244: 'initializing': conversion from 'float' to 'int', possible loss of data
d:\seq2seqsharp_master\cpuops\LayerNormOps.h(234): warning C4244: 'initializing': conversion from 'float' to 'unsigned char', possible loss of data
  LayerNormOps.cpp(48): note: see reference to function template instantiation 'void AddLayerNorm<unsigned char>(TensorRef *,TensorRef *,TensorRef *,TensorRef *,TensorRef *,float,int,int)' being compiled
d:\seq2seqsharp_master\cpuops\LayerNormOps.h(241): warning C4244: 'initializing': conversion from 'float' to 'unsigned char', possible loss of data
d:\seq2seqsharp_master\cpuops\LayerNormOps.h(248): warning C4244: 'initializing': conversion from 'float' to 'unsigned char', possible loss of data
d:\seq2seqsharp_master\cpuops\LayerNormOps.h(298): warning C4244: 'initializing': conversion from 'float' to 'int', possible loss of data
  LayerNormOps.cpp(68): note: see reference to function template instantiation 'void AddLayerNormGrad<int>(TensorRef *,TensorRef *,TensorRef *,TensorRef *,TensorRef *,TensorRef *,TensorRef *,TensorRef *,TensorRef *,TensorRef *,int,int,float)' being compiled
d:\seq2seqsharp_master\cpuops\LayerNormOps.h(299): warning C4244: 'initializing': conversion from 'float' to 'int', possible loss of data
d:\seq2seqsharp_master\cpuops\LayerNormOps.h(300): warning C4244: 'initializing': conversion from 'float' to 'int', possible loss of data
d:\seq2seqsharp_master\cpuops\LayerNormOps.h(301): warning C4244: 'initializing': conversion from 'float' to 'int', possible loss of data
d:\seq2seqsharp_master\cpuops\LayerNormOps.h(306): warning C4244: '+=': conversion from 'float' to 'int', possible loss of data
d:\seq2seqsharp_master\cpuops\LayerNormOps.h(317): warning C4244: 'initializing': conversion from 'float' to 'int', possible loss of data
d:\seq2seqsharp_master\cpuops\LayerNormOps.h(320): warning C4244: 'initializing': conversion from 'float' to 'int', possible loss of data
d:\seq2seqsharp_master\cpuops\LayerNormOps.h(344): warning C4244: 'initializing': conversion from 'float' to 'int', possible loss of data
d:\seq2seqsharp_master\cpuops\LayerNormOps.h(345): warning C4244: 'initializing': conversion from 'float' to 'int', possible loss of data
d:\seq2seqsharp_master\cpuops\LayerNormOps.h(346): warning C4244: 'initializing': conversion from 'float' to 'int', possible loss of data
d:\seq2seqsharp_master\cpuops\LayerNormOps.h(347): warning C4244: 'initializing': conversion from 'float' to 'int', possible loss of data
d:\seq2seqsharp_master\cpuops\LayerNormOps.h(352): warning C4244: '+=': conversion from 'float' to 'int', possible loss of data
d:\seq2seqsharp_master\cpuops\LayerNormOps.h(363): warning C4244: 'initializing': conversion from 'float' to 'int', possible loss of data
d:\seq2seqsharp_master\cpuops\LayerNormOps.h(366): warning C4244: 'initializing': conversion from 'float' to 'int', possible loss of data
d:\seq2seqsharp_master\cpuops\LayerNormOps.h(298): warning C4244: 'initializing': conversion from 'float' to 'unsigned char', possible loss of data
  LayerNormOps.cpp(68): note: see reference to function template instantiation 'void AddLayerNormGrad<unsigned char>(TensorRef *,TensorRef *,TensorRef *,TensorRef *,TensorRef *,TensorRef *,TensorRef *,TensorRef *,TensorRef *,TensorRef *,int,int,float)' being compiled
d:\seq2seqsharp_master\cpuops\LayerNormOps.h(299): warning C4244: 'initializing': conversion from 'float' to 'unsigned char', possible loss of data
d:\seq2seqsharp_master\cpuops\LayerNormOps.h(300): warning C4244: 'initializing': conversion from 'float' to 'unsigned char', possible loss of data
d:\seq2seqsharp_master\cpuops\LayerNormOps.h(301): warning C4244: 'initializing': conversion from 'float' to 'unsigned char', possible loss of data
d:\seq2seqsharp_master\cpuops\LayerNormOps.h(306): warning C4244: '+=': conversion from 'float' to 'unsigned char', possible loss of data
d:\seq2seqsharp_master\cpuops\LayerNormOps.h(317): warning C4244: 'initializing': conversion from 'float' to 'unsigned char', possible loss of data
d:\seq2seqsharp_master\cpuops\LayerNormOps.h(320): warning C4244: 'initializing': conversion from 'float' to 'unsigned char', possible loss of data
d:\seq2seqsharp_master\cpuops\LayerNormOps.h(344): warning C4244: 'initializing': conversion from 'float' to 'unsigned char', possible loss of data
d:\seq2seqsharp_master\cpuops\LayerNormOps.h(345): warning C4244: 'initializing': conversion from 'float' to 'unsigned char', possible loss of data
d:\seq2seqsharp_master\cpuops\LayerNormOps.h(346): warning C4244: 'initializing': conversion from 'float' to 'unsigned char', possible loss of data
d:\seq2seqsharp_master\cpuops\LayerNormOps.h(347): warning C4244: 'initializing': conversion from 'float' to 'unsigned char', possible loss of data
d:\seq2seqsharp_master\cpuops\LayerNormOps.h(352): warning C4244: '+=': conversion from 'float' to 'unsigned char', possible loss of data
d:\seq2seqsharp_master\cpuops\LayerNormOps.h(363): warning C4244: 'initializing': conversion from 'float' to 'unsigned char', possible loss of data
d:\seq2seqsharp_master\cpuops\LayerNormOps.h(366): warning C4244: 'initializing': conversion from 'float' to 'unsigned char', possible loss of data
  TensorRandom.cpp
  dllmain.cpp
     Creating library D:\Seq2SeqSharp_master\CpuOps\\bin\x64\Release\CpuOps.lib and object D:\Seq2SeqSharp_master\CpuOps\\bin\x64\Release\CpuOps.exp
  Generating code
  All 1390 functions were compiled because no usable IPDB/IOBJ from previous compilation was found.
  Finished generating code
  CpuOps.vcxproj -> D:\Seq2SeqSharp_master\CpuOps\\bin\x64\Release\CpuOps.dll
  CpuOps.vcxproj -> D:\Seq2SeqSharp_master\CpuOps\\bin\x64\Release\CpuOps.pdb (Full PDB)
